IQ-TREE multicore version 1.6.10 for Linux 64-bit built Mar 21 2019
Developed by Bui Quang Minh, Nguyen Lam Tung, Olga Chernomor,
Heiko Schmidt, Dominik Schrempf, Michael Woodhams.

Host:    localhost.localdomain (AVX2, FMA3, 377 GB RAM)
Command: iqtree -nt 12 -bb 1000 -s results/aligned-delim.fasta
Seed:    37517 (Using SPRNG - Scalable Parallel Random Number Generator)
Time:    Mon Jun 22 10:01:27 2020
Kernel:  AVX+FMA - 12 threads (56 CPU cores detected)

Reading alignment file results/aligned-delim.fasta ... Fasta format detected
Alignment most likely contains DNA/RNA sequences
Alignment has 489 sequences with 30119 columns, 2091 distinct patterns
1250 parsimony-informative, 932 singleton sites, 27937 constant sites
           Gap/Ambiguity  Composition  p-value
   1  KT026456     0.01%    passed    100.00%
   2  KT026454     0.00%    passed    100.00%
   3  KT368877     0.00%    passed    100.00%
   4  KT368876     0.00%    passed    100.00%
   5  KT368868     0.00%    passed    100.00%
   6  KT368871     0.00%    passed    100.00%
   7  KU851863     0.08%    passed     99.99%
   8  MG757601     0.08%    passed    100.00%
   9  KT806049     0.08%    passed     99.99%
  10  KT806045     0.08%    passed    100.00%
  11  KT806044     0.08%    passed     99.99%
  12  KT368860     0.00%    passed     99.97%
  13  KT368859     0.01%    passed     99.98%
  14  KT368858     0.02%    passed     99.99%
  15  KT368865     0.03%    passed     99.98%
  16  KT368863     0.00%    passed     99.96%
  17  KT368862     0.00%    passed     99.96%
  18  KT368864     0.00%    passed     99.96%
  19  KT368861     0.00%    passed     99.96%
  20  KT368848     0.00%    passed     99.99%
  21  KT368838     0.00%    passed     99.98%
  22  KT368836     0.00%    passed     99.98%
  23  KT368835     0.00%    passed     99.99%
  24  KT368846     0.01%    passed    100.00%
  25  KT368839     0.01%    passed     99.99%
  26  KT368837     0.01%    passed     99.99%
  27  KT368842     0.01%    passed    100.00%
  28  KT368840     0.01%    passed     99.99%
  29  KT368847     0.04%    passed    100.00%
  30  KT368841     0.03%    passed     99.99%
  31  KT368889     0.03%    passed     99.99%
  32  KT368833     0.00%    passed     99.99%
  33  KT368834     0.03%    passed    100.00%
  34  MG757597     0.08%    passed     99.96%
  35  KX034100     0.00%    passed     99.99%
  36  KX034093     1.36%    passed     99.77%
  37  KX034097     0.00%    passed     99.98%
  38  KX034095     0.00%    passed     99.99%
  39  KX034094     0.03%    passed     99.98%
  40  KX034098     0.04%    passed     99.96%
  41  KU308549     0.00%    passed     99.99%
  42  KX034099     0.03%    passed     99.96%
  43  KT368870     0.03%    passed     99.99%
  44  KX034096     0.12%    passed     99.97%
  45  KT806046     0.08%    passed    100.00%
  46  KY688124     0.07%    passed    100.00%
  47  KY688120     0.07%    passed    100.00%
  48  KY688123     0.07%    passed    100.00%
  49  KY688122     0.20%    passed     99.94%
  50  KY688121     0.27%    passed     99.81%
  51  KT868877     0.18%    passed     99.97%
  52  KT868873     0.17%    passed     99.97%
  53  KT868868     0.17%    passed     99.97%
  54  KT868866     0.17%    passed     99.97%
  55  KT868865     0.17%    passed     99.97%
  56  KT868869     0.17%    passed     99.97%
  57  KT868867     0.17%    passed     99.97%
  58  KT868876     0.17%    passed     99.97%
  59  KT868872     0.17%    passed     99.97%
  60  KT868874     0.17%    passed     99.96%
  61  KT868875     0.17%    passed     99.95%
  62  KT868871     0.17%    passed     99.96%
  63  KT868870     0.18%    passed     99.98%
  64  KT006149     0.02%    passed     99.99%
  65  KT029139     0.04%    passed     99.95%
  66  MK796425     0.04%    passed     99.98%
  67  MT387202     0.04%    passed     99.98%
  68  KT806053     0.08%    passed    100.00%
  69  KT806052     0.08%    passed     99.99%
  70  KT806047     0.11%    passed     99.99%
  71  KT806048     0.08%    passed    100.00%
  72  KY688118     0.17%    passed     99.95%
  73  KX108945     0.06%    passed     99.95%
  74  KU851859     0.15%    passed     99.98%
  75  KT368886     0.00%    passed    100.00%
  76  KT368885     0.00%    passed    100.00%
  77  KT368884     0.02%    passed    100.00%
  78  KT368883     0.00%    passed     99.99%
  79  KT368880     0.00%    passed     99.99%
  80  KT368882     0.00%    passed     99.99%
  81  KT368881     0.02%    passed    100.00%
  82  KT368874     0.01%    passed    100.00%
  83  KT368872     0.00%    passed    100.00%
  84  KT368873     0.01%    passed    100.00%
  85  MF598701     0.00%    passed    100.00%
  86  MF598694     0.00%    passed     99.99%
  87  MF598693     0.00%    passed    100.00%
  88  MF598692     0.00%    passed    100.00%
  89  MF598662     0.00%    passed    100.00%
  90  MF598633     0.00%    passed    100.00%
  91  MF598661     0.01%    passed    100.00%
  92  MF598691     0.00%    passed    100.00%
  93  MF598612     0.00%    passed    100.00%
  94  MF598685     0.00%    passed    100.00%
  95  MF598684     0.00%    passed    100.00%
  96  MF598657     0.00%    passed    100.00%
  97  MF598680     0.00%    passed    100.00%
  98  MF598604     0.01%    passed    100.00%
  99  MF598666     0.00%    passed     99.99%
 100  MF598664     0.00%    passed    100.00%
 101  MF598613     0.00%    passed     99.99%
 102  MF598603     0.00%    passed     99.99%
 103  MF598595     0.00%    passed     99.99%
 104  MF598594     0.00%    passed     99.99%
 105  MF598611     0.00%    passed     99.98%
 106  MF598646     0.00%    passed     99.99%
 107  MF598618     0.00%    passed    100.00%
 108  MF598660     0.00%    passed    100.00%
 109  MF598627     0.00%    passed    100.00%
 110  MF598625     0.00%    passed     99.99%
 111  MF598607     0.00%    passed    100.00%
 112  MF598615     0.00%    passed     99.99%
 113  MF598686     0.00%    passed     99.99%
 114  MF598622     0.00%    passed     99.99%
 115  MF598688     0.00%    passed     99.99%
 116  MF598606     0.00%    passed    100.00%
 117  MF598602     0.00%    passed    100.00%
 118  MF598628     4.02%    passed     72.64%
 119  MF598668     0.00%    passed    100.00%
 120  KT368878     0.01%    passed     99.98%
 121  MF598620     0.00%    passed     99.94%
 122  KU851864     0.08%    passed    100.00%
 123  MG520076     0.08%    passed     99.99%
 124  MG520075     0.08%    passed     99.99%
 125  MG757594     0.08%    passed    100.00%
 126  MG757596     0.08%    passed    100.00%
 127  KU851862     0.08%    passed    100.00%
 128  KU851861     0.08%    passed    100.00%
 129  MG757603     0.08%    passed    100.00%
 130  MG757602     0.08%    passed    100.00%
 131  MG757600     0.08%    passed    100.00%
 132  MG757599     0.08%    passed    100.00%
 133  MG757598     0.08%    passed     99.99%
 134  KU851860     0.08%    passed     99.99%
 135  MG757593     0.08%    passed     99.99%
 136  MG757595     0.08%    passed     99.98%
 137  MH029552     0.00%    passed     99.98%
 138  MG546331     0.00%    passed     99.97%
 139  MG546330     0.01%    passed     99.97%
 140  KU233364     0.30%    passed    100.00%
 141  KU233363     0.18%    passed     99.98%
 142  MF741831     0.24%    passed     99.98%
 143  MF741830     0.24%    passed     99.98%
 144  MF741829     0.24%    passed     99.98%
 145  MF741825     0.24%    passed     99.98%
 146  MF741828     0.24%    passed    100.00%
 147  MF741826     0.24%    passed     99.99%
 148  MF741836     0.27%    passed     99.97%
 149  MF741835     0.27%    passed     99.98%
 150  MF741837     0.27%    passed     99.98%
 151  MF741834     0.27%    passed     99.98%
 152  MF741833     0.27%    passed     99.98%
 153  MF000457     0.39%    passed     99.99%
 154  MF000460     0.26%    passed     99.99%
 155  MF000458     0.26%    passed     99.98%
 156  MF000459     0.35%    passed     99.91%
 157  KU233362     0.38%    passed    100.00%
 158  MH306207     0.00%    passed     99.99%
 159  KT806051     0.08%    passed     99.97%
 160  MF598617     0.00%    passed     99.95%
 161  MK280984     0.29%    passed     99.80%
 162  MN507638     0.29%    passed     99.81%
 163  KX108946     0.07%    passed     99.98%
 164  KX154693     0.08%    passed     99.97%
 165  KX154692     0.08%    passed     99.96%
 166  KX154686     0.08%    passed     99.97%
 167  KX154684     0.08%    passed     99.95%
 168  MG011359     0.08%    passed     99.97%
 169  MG011354     0.08%    passed     99.98%
 170  MG011355     0.08%    passed     99.99%
 171  MG011353     0.08%    passed     99.96%
 172  MG011352     0.08%    passed     99.96%
 173  MG011343     0.08%    passed     99.95%
 174  MG011341     0.08%    passed     99.96%
 175  MG757605     0.08%    passed     99.99%
 176  MG011362     0.08%    passed     99.93%
 177  MG011361     0.08%    passed     99.93%
 178  MG011360     0.08%    passed     99.95%
 179  MF598608     0.00%    passed     99.97%
 180  KT026455     0.03%    passed     99.98%
 181  KT026453     0.03%    passed     99.98%
 182  MF598631     0.17%    passed     99.94%
 183  MF598632     0.00%    passed     99.99%
 184  KT368826     0.00%    passed     99.99%
 185  MF598712     0.00%    passed     99.93%
 186  KP209313     0.00%    passed     99.84%
 187  KP209311     0.00%    passed     99.86%
 188  KP209309     0.00%    passed     99.86%
 189  KY581691     0.00%    passed     99.86%
 190  KP209306     0.01%    passed     99.85%
 191  KY581689     0.00%    passed     99.86%
 192  KP209307     0.00%    passed     99.84%
 193  KY581692     0.00%    passed     99.83%
 194  KY581690     0.00%    passed     99.83%
 195  KY581688     0.00%    passed     99.79%
 196  KY581686     0.00%    passed     99.83%
 197  KP209308     0.01%    passed     99.78%
 198  KY581700     0.00%    passed     99.90%
 199  KY581697     0.00%    passed     99.90%
 200  KP209310     0.00%    passed     99.79%
 201  KY581696     0.00%    passed     99.91%
 202  KY673149     0.00%    passed     99.95%
 203  MF598681     0.00%    passed     99.92%
 204  MF598647     0.00%    passed     99.92%
 205  KY673148     0.00%    passed     99.86%
 206  MF598639     0.00%    passed     99.94%
 207  MF598636     0.00%    passed     99.92%
 208  MF598672     0.00%    passed     99.97%
 209  MF598667     0.00%    passed     99.83%
 210  MF598635     0.00%    passed     99.97%
 211  KP209312     0.00%    passed     99.94%
 212  KT156560     0.00%    passed     99.91%
 213  KY581687     0.00%    passed     99.95%
 214  KY581699     0.00%    passed     99.92%
 215  KY581698     0.00%    passed     99.92%
 216  KY581695     0.00%    passed     99.92%
 217  KY581694     0.00%    passed     99.99%
 218  KY581685     0.00%    passed     99.76%
 219  KY581684     0.00%    passed     99.77%
 220  KT156561     0.00%    passed     99.93%
 221  KJ650297     0.05%    passed     99.80%
 222  KJ650296     0.07%    passed     99.77%
 223  KJ650295     0.06%    passed     99.78%
 224  KU242424     0.02%    passed     99.69%
 225  KU242423     0.02%    passed     99.75%
 226  KM210278     0.28%    passed     99.66%
 227  KM015348     0.26%    passed     99.60%
 228  KM210277     0.30%    passed     99.76%
 229  KF600652     0.12%    passed     99.63%
 230  KF600630     0.13%    passed     99.63%
 231  KF186565     0.17%    passed     99.77%
 232  KF600645     0.17%    passed     99.74%
 233  KF186566     0.02%    passed     99.71%
 234  KF600647     0.02%    passed     99.57%
 235  KF186567     0.01%    passed     99.67%
 236  KF600651     0.05%    passed     99.53%
 237  KF186564     0.13%    passed     99.64%
 238  KF600627     0.14%    passed     99.74%
 239  KJ156866     0.22%    passed     99.67%
 240  KF600634     0.19%    passed     99.74%
 241  KF600632     0.04%    passed     99.59%
 242  KF600644     0.14%    passed     99.77%
 243  KX108942     0.07%    passed     99.98%
 244  KX108940     0.07%    passed     99.98%
 245  KX108939     0.07%    passed     99.96%
 246  KX108938     0.06%    passed     99.97%
 247  KX108941     0.07%    passed     99.96%
 248  MF598619     0.00%    passed     99.87%
 249  KJ361503     0.26%    passed     99.52%
 250  MF598698     0.00%    passed     99.99%
 251  MF598697     0.00%    passed     99.99%
 252  MF598663     0.00%    passed     99.86%
 253  MF598645     0.00%    passed     99.97%
 254  MF598644     0.00%    passed     99.99%
 255  MF598682     0.00%    passed     99.95%
 256  MF598597     0.00%    passed     99.84%
 257  MF598648     0.00%    passed    100.00%
 258  MF598696     0.00%    passed     99.98%
 259  MF598687     0.00%    passed     99.99%
 260  MF598665     0.00%    passed     99.91%
 261  MF598654     0.00%    passed     99.93%
 262  MF598658     0.00%    passed     99.99%
 263  MF598678     0.00%    passed     99.99%
 264  MF598675     0.00%    passed    100.00%
 265  MF598621     0.00%    passed    100.00%
 266  MF598677     0.00%    passed     99.99%
 267  MF598652     0.00%    passed     99.98%
 268  MF598670     0.00%    passed     99.97%
 269  MF598676     0.00%    passed     99.99%
 270  MF598695     0.00%    passed     99.97%
 271  MF598624     0.00%    passed     99.97%
 272  KJ713299     0.01%    passed     99.97%
 273  MF598674     0.00%    passed     99.81%
 274  MF598722     0.00%    passed    100.00%
 275  MF598721     0.00%    passed     99.99%
 276  MF598720     0.00%    passed    100.00%
 277  MF598719     0.00%    passed    100.00%
 278  MF598715     0.00%    passed     99.99%
 279  MF598718     0.32%    passed     99.03%
 280  MF598717     0.00%    passed     99.97%
 281  MF598655     0.00%    passed     99.99%
 282  MF598605     0.00%    passed     99.99%
 283  MF598634     0.00%    passed     99.97%
 284  MF598610     0.00%    passed     99.97%
 285  MF598601     0.01%    passed     99.98%
 286  MF598596     0.01%    passed     99.98%
 287  MF598600     0.00%    passed     99.97%
 288  MF598690     0.00%    passed     99.98%
 289  MF598713     0.00%    passed     99.98%
 290  MF598706     0.00%    passed     99.98%
 291  MF598704     0.00%    passed     99.98%
 292  MF598703     0.00%    passed     99.98%
 293  MF598710     0.00%    passed     99.99%
 294  MF598705     0.00%    passed    100.00%
 295  MF598659     0.00%    passed     99.94%
 296  MF598599     0.00%    passed     99.92%
 297  MF598671     0.00%    passed    100.00%
 298  MF598630     0.00%    passed     99.99%
 299  MF598699     0.00%    passed    100.00%
 300  MF598598     0.02%    passed     99.98%
 301  MF598626     0.00%    passed     99.93%
 302  MF598716     0.00%    passed    100.00%
 303  MF598714     0.00%    passed     99.99%
 304  MF598709     0.01%    passed    100.00%
 305  KT751244     0.05%    passed    100.00%
 306  MF598673     0.00%    passed    100.00%
 307  MF598640     0.00%    passed    100.00%
 308  MF598689     0.01%    passed     99.98%
 309  MF598629     0.00%    passed     99.99%
 310  MF598650     0.00%    passed     99.98%
 311  MF598623     0.00%    passed    100.00%
 312  MF598614     0.00%    passed     99.94%
 313  MF598711     0.00%    passed     99.98%
 314  MF598700     0.00%    passed     99.99%
 315  MF598653     0.00%    passed     99.98%
 316  MF598656     0.00%    passed     99.98%
 317  MF598708     0.00%    passed    100.00%
 318  MF598707     0.00%    passed    100.00%
 319  MF598702     0.00%    passed     99.94%
 320  MF598683     0.00%    passed     99.94%
 321  MF598609     0.00%    passed     99.97%
 322  MF598669     0.00%    passed     99.99%
 323  MF598643     0.00%    passed     99.98%
 324  MF598642    10.72%    passed     74.37%
 325  MF598679     0.00%    passed     99.87%
 326  MF598638     0.00%    passed     99.95%
 327  MF598641     0.00%    passed     99.98%
 328  KT861627     0.10%    passed     99.54%
 329  KJ156910     0.22%    passed     99.60%
 330  KJ156874     0.22%    passed     99.57%
 331  KF961222     0.11%    passed     99.84%
 332  KF961221     0.12%    passed     99.92%
 333  KF600628     0.05%    passed     99.81%
 334  KJ156934     0.22%    passed     99.88%
 335  KT806055     0.08%    passed    100.00%
 336  KU710264     0.08%    passed    100.00%
 337  KT368867     0.01%    passed     99.99%
 338  KT368866     0.02%    passed     99.99%
 339  KT368857     0.00%    passed     99.99%
 340  KT368856     0.01%    passed     99.99%
 341  KT368827     0.02%    passed     99.99%
 342  KT368852     0.01%    passed    100.00%
 343  KT368845     0.01%    passed     99.99%
 344  KT368844     0.03%    passed     99.93%
 345  KT368843     0.00%    passed     99.99%
 346  KT368828     0.00%    passed     99.99%
 347  KT368855     0.01%    passed    100.00%
 348  KT368854     0.00%    passed    100.00%
 349  KT368850     0.00%    passed    100.00%
 350  KT368849     0.01%    passed    100.00%
 351  KT368851     0.00%    passed    100.00%
 352  KT368853     0.04%    passed     99.95%
 353  KT368890     0.00%    passed    100.00%
 354  KT368825     0.00%    passed     99.93%
 355  KT368887     0.02%    passed     99.99%
 356  KT368888     0.02%    passed    100.00%
 357  MF598651     0.00%    passed     99.98%
 358  MF598616     0.00%    passed    100.00%
 359  KJ813439     0.01%    passed     99.97%
 360  MF598649     0.00%    passed     99.99%
 361  KT861628     0.08%    passed     99.98%
 362  KP223131     0.00%    passed     99.99%
 363  KJ829365     0.00%    passed     99.98%
 364  KY581693     0.01%    passed     99.99%
 365  MK039552     0.00%    passed     99.99%
 366  MK039553     0.00%    passed     99.97%
 367  MK052676     0.00%    passed     99.97%
 368  KJ650098     0.01%    passed     99.94%
 369  KJ713296     0.02%    passed     99.96%
 370  KJ713295     0.02%    passed     99.92%
 371  KT877351     0.36%    passed     99.64%
 372  KT877350     0.01%    passed     99.94%
 373  MH259486     0.05%    passed     99.96%
 374  MH259485     0.13%    passed     99.60%
 375  KT368832     0.00%    passed     99.97%
 376  KT368829     0.00%    passed     99.97%
 377  KT368830     0.00%    passed     99.97%
 378  KT368831     0.00%    passed     99.97%
 379  KJ713297     0.02%    passed    100.00%
 380  KR011266     0.08%    passed     99.99%
 381  KR011264     0.08%    passed     99.99%
 382  KR011263     0.08%    passed     99.99%
 383  KR011265     0.08%    passed     99.99%
 384  KX108944     0.07%    passed     99.98%
 385  KF192507     0.02%    passed     99.62%
 386  KF600613     0.19%    passed     99.91%
 387  KJ156952     0.22%    passed     99.71%
 388  KJ156949     0.21%    passed     99.86%
 389  KJ156881     0.21%    passed     99.95%
 390  KJ156944     0.21%    passed     99.94%
 391  KC164505     0.03%    passed     99.93%
 392  NC_038294    0.03%    passed     99.93%
 393  KC667074     0.02%    passed     99.92%
 394  KT368875     0.02%    passed     99.99%
 395  KJ713298     0.12%    passed     99.71%
 396  KF600612     0.19%    passed     99.70%
 397  KF600620     0.23%    passed     99.65%
 398  KT368879     0.04%    passed     99.99%
 399  KT368869     0.04%    passed     99.99%
 400  KJ156869     0.22%    passed     99.84%
 401  MF598637     0.00%    passed     99.99%
 402  KT368824     0.01%    passed     99.99%
 403  MH013216     0.00%    passed     99.91%
 404  KX108937     0.07%    passed     99.94%
 405  KY688119     0.21%    passed    100.00%
 406  KX154694     0.08%    passed     99.71%
 407  KX154691     0.08%    passed     99.92%
 408  KX154688     0.08%    passed     99.91%
 409  KX154685     0.08%    passed     99.89%
 410  MG011346     0.08%    passed     99.83%
 411  MG011344     0.08%    passed     99.75%
 412  KX154690     0.08%    passed     99.89%
 413  MG011345     0.08%    passed     99.70%
 414  MG011347     0.08%    passed     99.98%
 415  MG011340     0.10%    passed     99.93%
 416  KX154689     0.08%    passed     99.79%
 417  MG757604     0.08%    passed     99.84%
 418  MG011350     0.08%    passed     99.87%
 419  MG011349     0.08%    passed     99.87%
 420  MG011348     0.08%    passed     99.87%
 421  MG011357     0.08%    passed     99.38%
 422  MG011356     0.08%    passed     99.73%
 423  MG011351     0.08%    passed     99.89%
 424  MH310909     0.18%    passed     99.86%
 425  MG011358     0.08%    passed    100.00%
 426  KX154687     0.08%    passed     99.77%
 427  MG011342     0.08%    passed     99.27%
 428  MH310911     0.08%    passed     99.92%
 429  MH310910     0.08%    passed     99.95%
 430  MG366483     0.08%    passed     99.95%
 431  MG366883     0.01%    passed     99.90%
 432  MG366882     0.00%    passed     99.91%
 433  MG912598     0.01%    passed     99.92%
 434  MG366881     0.01%    passed     99.90%
 435  MG912596     0.01%    passed     99.92%
 436  MG912599     0.01%    passed     99.90%
 437  MG912604     0.01%    passed     99.94%
 438  MG912603     0.00%    passed     99.93%
 439  MG912601     0.01%    passed     99.92%
 440  MG912595     0.01%    passed     99.93%
 441  MG912597     0.02%    passed     99.94%
 442  MG912605     0.01%    passed     99.93%
 443  MG912602     0.01%    passed     99.91%
 444  MG912600     0.01%    passed     99.92%
 445  MG912606     0.01%    passed     99.94%
 446  MG912609    30.66%    passed     69.61%
 447  MG366880     0.01%    passed     99.57%
 448  MG912608     0.01%    passed     99.59%
 449  MG912607     0.01%    passed     99.68%
 450  MH454272     0.00%    passed     99.81%
 451  MH395139     0.00%    passed     99.96%
 452  MK483839     0.00%    passed     99.61%
 453  MK462255     0.22%    passed     99.50%
 454  MK462254     0.00%    passed     99.93%
 455  MK462253     0.00%    passed     99.95%
 456  MN723544     0.00%    passed     99.96%
 457  MN365233     0.00%    passed     99.80%
 458  MN365232     0.00%    passed     99.79%
 459  MK462248     0.00%    passed     99.86%
 460  MH822886     0.14%    passed     99.94%
 461  MK462250     0.00%    passed     99.73%
 462  MK462252     0.00%    passed     98.95%
 463  MK462246     0.01%    passed     99.84%
 464  MK462245     0.01%    passed     99.91%
 465  MK462243     0.01%    passed     99.91%
 466  MN723543     0.01%    passed     99.86%
 467  MN723542     0.01%    passed     99.91%
 468  MK462244     0.00%    passed     99.86%
 469  MK462256     0.00%    passed     99.61%
 470  MK462247     0.00%    passed     99.77%
 471  MK462249     0.00%    passed     99.55%
 472  MN120514     0.00%    passed     99.99%
 473  MN120513     0.00%    passed     99.27%
 474  MK462251     0.00%    passed     99.97%
 475  MG470650     0.02%    passed     99.97%
 476  MH310912     0.11%    passed     99.86%
 477  MH432120     0.00%    passed     99.89%
 478  NC_019843    0.00%    passed     97.99%
 479  JX869059     0.00%    passed     97.99%
 480  KC776174     0.30%    passed     98.87%
 481  MK967708     0.04%    passed     99.70%
 482  KJ477103     0.06%    passed     99.59%
 483  MK564475     0.11%    passed     98.36%
 484  MK564474     0.11%    passed     98.81%
 485  MH734115     0.29%    passed     99.48%
 486  MH734114     0.29%    passed     99.48%
 487  MG923468     0.10%    passed     99.14%
 488  MG923467     0.14%    passed     99.52%
 489  MG923466     0.24%    passed     99.35%
****  TOTAL        0.15%  0 sequences failed composition chi2 test (p-value<5%; df=3)
NOTE: KT368876 is identical to KT368877 but kept for subsequent analysis
NOTE: KT368862 is identical to KT368863 but kept for subsequent analysis
NOTE: KT368835 is identical to KT368848 but kept for subsequent analysis
NOTE: KT368836 is identical to KT368838 but kept for subsequent analysis
NOTE: KT368837 is identical to KT368839 but kept for subsequent analysis
NOTE: KY688120 is identical to KY688124 but kept for subsequent analysis
NOTE: KT868868 is identical to KT868873 but kept for subsequent analysis
NOTE: KT868872 is identical to KT868876 but kept for subsequent analysis
NOTE: MT387202 is identical to MK796425 but kept for subsequent analysis
NOTE: KT368885 is identical to KT368886 but kept for subsequent analysis
NOTE: KT368882 is identical to KT368883 but kept for subsequent analysis
NOTE: MF598662 is identical to MF598692 but kept for subsequent analysis
NOTE: MF598684 is identical to MF598685 but kept for subsequent analysis
NOTE: MG520075 is identical to MG520076 but kept for subsequent analysis
NOTE: MF741837 is identical to MF741835 but kept for subsequent analysis
NOTE: KT026453 is identical to KT026455 but kept for subsequent analysis
NOTE: KP209309 is identical to KP209311 but kept for subsequent analysis
NOTE: KY581697 is identical to KY581700 but kept for subsequent analysis
NOTE: KY581698 is identical to KY581699 but kept for subsequent analysis
NOTE: MF598719 is identical to MF598720 but kept for subsequent analysis
NOTE: MF598605 is identical to MF598655 but kept for subsequent analysis
NOTE: MF598706 is identical to MF598713 but kept for subsequent analysis
NOTE: MF598707 is identical to MF598708 but kept for subsequent analysis
NOTE: KT368828 is identical to KT368843 but kept for subsequent analysis
NOTE: MK052676 is identical to MK039553 but kept for subsequent analysis
NOTE: KT368829 is identical to KT368832 but kept for subsequent analysis
NOTE: KR011264 is identical to KR011266 but kept for subsequent analysis
NOTE: NC_038294 is identical to KC164505 but kept for subsequent analysis
NOTE: JX869059 is identical to NC_019843 but kept for subsequent analysis
NOTE: MH734114 is identical to MH734115 but kept for subsequent analysis
NOTE: 10 identical sequences (see below) will be ignored for subsequent analysis
NOTE: KT368864 (identical to KT368863) is ignored but added at the end
NOTE: KT868866 (identical to KT868873) is ignored but added at the end
NOTE: KT868865 (identical to KT868873) is ignored but added at the end
NOTE: MF598633 (identical to MF598692) is ignored but added at the end
NOTE: KY581691 (identical to KP209311) is ignored but added at the end
NOTE: KY581695 (identical to KY581699) is ignored but added at the end
NOTE: MF598704 (identical to MF598713) is ignored but added at the end
NOTE: MF598703 (identical to MF598713) is ignored but added at the end
NOTE: KT368830 (identical to KT368832) is ignored but added at the end
NOTE: KR011263 (identical to KR011266) is ignored but added at the end

For your convenience alignment with unique sequences printed to results/aligned-delim.fasta.uniqueseq.phy


Create initial parsimony tree by phylogenetic likelihood library (PLL)... 0.362 seconds
NOTE: ModelFinder requires 333 MB RAM!
ModelFinder will test 286 DNA models (sample size: 30119) ...
 No. Model         -LnL         df  AIC          AICc         BIC
  1  JC            87287.759    955 176485.518   176548.130   184424.348
  2  JC+I          82708.311    956 167328.622   167391.368   175275.765
  3  JC+G4         83985.007    956 169882.014   169944.759   177829.157
  4  JC+I+G4       81767.008    957 165448.016   165510.895   173403.472
  5  JC+R2         81168.758    957 164251.515   164314.394   172206.971
  6  JC+R3         80693.864    959 163305.729   163368.875   171277.811
  7  JC+R4         80692.904    961 163307.809   163371.223   171296.517
 14  F81+F         86366.245    958 174648.490   174711.503   182612.259
 15  F81+F+I       81871.309    959 165660.618   165723.764   173632.700
 16  F81+F+G4      83096.082    959 168110.165   168173.311   176082.247
 17  F81+F+I+G4    80943.616    960 163807.232   163870.512   171787.627
 18  F81+F+R2      80315.968    960 162551.936   162615.216   170532.331
 19  F81+F+R3      79846.247    962 161616.494   161680.042   169613.515
 20  F81+F+R4      79844.290    964 161616.580   161680.397   169630.227
 27  K2P           85617.718    956 173147.436   173210.181   181094.579
 28  K2P+I         81032.248    957 163978.495   164041.374   171933.952
 29  K2P+G4        82314.765    957 166543.530   166606.409   174498.986
 30  K2P+I+G4      80097.449    958 162110.898   162173.910   170074.667
 31  K2P+R2        79497.655    958 160911.310   160974.323   168875.079
 32  K2P+R3        79014.846    960 159949.691   160012.971   167930.086
 33  K2P+R4        79013.257    962 159950.514   160014.062   167947.535
 40  HKY+F         84647.597    959 171213.193   171276.340   179185.276
 41  HKY+F+I       80299.985    960 162519.971   162583.251   170500.366
 42  HKY+F+G4      81428.019    960 164776.039   164839.319   172756.434
 43  HKY+F+I+G4    79371.680    961 160665.361   160728.775   168654.069
 44  HKY+F+R2      78702.850    961 159327.700   159391.114   167316.408
 45  HKY+F+R3      78244.070    963 158414.140   158477.823   166419.474
 46  HKY+F+R4      78241.007    965 158412.015   158475.966   166433.974
 53  TNe           85126.074    957 172166.149   172229.027   180121.605
 54  TNe+I         80726.380    958 163368.760   163431.773   171332.530
 55  TNe+G4        81779.515    958 165475.030   165538.042   173438.799
 56  TNe+I+G4      79707.923    959 161333.847   161396.993   169305.929
 57  TNe+R2        79200.373    959 160318.747   160381.893   168290.829
 58  TNe+R3        78739.600    961 159401.200   159464.614   167389.908
 59  TNe+R4        78737.594    963 159401.187   159464.870   167406.521
 66  TN+F          84218.203    960 170356.406   170419.686   178336.801
 67  TN+F+I        80076.200    961 162074.399   162137.814   170063.107
 68  TN+F+G4       80991.304    961 163904.609   163968.023   171893.317
 69  TN+F+I+G4     79059.616    962 160043.231   160106.780   168040.252
 70  TN+F+R2       78452.814    962 158829.627   158893.175   166826.648
 71  TN+F+R3       78024.730    964 157977.459   158041.276   165991.106
 72  TN+F+R4       77938.863    966 157809.726   157873.812   165839.998
 73  TN+F+R5       77936.938    968 157809.876   157874.232   165856.774
 79  K3P           85524.803    957 172963.607   173026.486   180919.063
 80  K3P+I         80939.392    958 163794.784   163857.796   171758.553
 81  K3P+G4        82221.864    958 166359.728   166422.740   174323.497
 82  K3P+I+G4      80003.896    959 161925.792   161988.938   169897.874
 83  K3P+R2        79404.902    959 160727.803   160790.949   168699.885
 84  K3P+R3        78926.422    961 159774.844   159838.258   167763.552
 85  K3P+R4        78893.187    963 159712.374   159776.057   167717.708
 86  K3P+R5        78893.082    965 159716.163   159780.115   167738.123
 92  K3Pu+F        84542.502    960 171005.004   171068.284   178985.399
 93  K3Pu+F+I      80215.794    961 162353.589   162417.003   170342.297
 94  K3Pu+F+G4     81328.702    961 164579.403   164642.817   172568.111
 95  K3Pu+F+I+G4   79285.718    962 160495.435   160558.983   168492.456
 96  K3Pu+F+R2     78611.790    962 159147.580   159211.128   167144.601
 97  K3Pu+F+R3     78154.563    964 158237.126   158300.943   166250.772
 98  K3Pu+F+R4     78103.583    966 158139.166   158203.252   166169.438
 99  K3Pu+F+R5     78103.457    968 158142.915   158207.271   166189.813
105  TPM2+F        84582.117    960 171084.235   171147.515   179064.630
106  TPM2+F+I      80266.203    961 162454.407   162517.821   170443.115
107  TPM2+F+G4     81370.088    961 164662.177   164725.591   172650.885
108  TPM2+F+I+G4   79335.020    962 160594.040   160657.588   168591.061
109  TPM2+F+R2     78659.258    962 159242.517   159306.065   167239.538
110  TPM2+F+R3     78198.295    964 158324.591   158388.408   166338.238
111  TPM2+F+R4     78149.011    966 158230.021   158294.108   166260.294
112  TPM2+F+R5     78149.003    968 158234.005   158298.361   166280.903
118  TPM2u+F       84582.140    960 171084.280   171147.561   179064.675
119  TPM2u+F+I     80266.228    961 162454.457   162517.871   170443.165
120  TPM2u+F+G4    81370.106    961 164662.213   164725.627   172650.921
121  TPM2u+F+I+G4  79335.006    962 160594.013   160657.561   168591.034
122  TPM2u+F+R2    78659.289    962 159242.578   159306.126   167239.599
123  TPM2u+F+R3    78198.299    964 158324.598   158388.415   166338.244
124  TPM2u+F+R4    78149.011    966 158230.023   158294.109   166260.295
125  TPM2u+F+R5    78149.002    968 158234.003   158298.359   166280.901
131  TPM3+F        84639.114    960 171198.229   171261.509   179178.624
132  TPM3+F+I      80239.337    961 162400.675   162464.089   170389.383
133  TPM3+F+G4     81409.348    961 164740.695   164804.109   172729.403
134  TPM3+F+I+G4   79313.123    962 160550.247   160613.795   168547.268
135  TPM3+F+R2     78662.792    962 159249.583   159313.131   167246.604
136  TPM3+F+R3     78197.239    964 158322.477   158386.294   166336.124
137  TPM3+F+R4     78155.473    966 158242.946   158307.032   166273.218
138  TPM3+F+R5     78155.420    968 158246.840   158311.196   166293.738
144  TPM3u+F       84639.335    960 171198.671   171261.951   179179.066
145  TPM3u+F+I     80239.649    961 162401.298   162464.712   170390.006
146  TPM3u+F+G4    81409.529    961 164741.058   164804.472   172729.766
147  TPM3u+F+I+G4  79313.312    962 160550.623   160614.171   168547.644
148  TPM3u+F+R2    78662.856    962 159249.712   159313.260   167246.733
149  TPM3u+F+R3    78197.268    964 158322.535   158386.352   166336.182
150  TPM3u+F+R4    78155.391    966 158242.782   158306.868   166273.054
151  TPM3u+F+R5    78155.338    968 158246.675   158311.031   166293.573
157  TIMe          85033.430    958 171982.860   172045.872   179946.629
158  TIMe+I        80633.730    959 163185.460   163248.607   171157.542
159  TIMe+G4       81686.878    959 165291.757   165354.903   173263.839
160  TIMe+I+G4     79615.472    960 161150.944   161214.224   169131.339
161  TIMe+R2       79107.817    960 160135.634   160198.914   168116.029
162  TIMe+R3       78648.436    962 159220.872   159284.421   167217.893
163  TIMe+R4       78582.349    964 159092.698   159156.515   167106.344
164  TIMe+R5       78573.796    966 159079.591   159143.678   167109.864
170  TIM+F         84110.098    961 170142.197   170205.611   178130.905
171  TIM+F+I       79986.828    962 161897.657   161961.205   169894.678
172  TIM+F+G4      80889.890    962 163703.780   163767.328   171700.801
173  TIM+F+I+G4    78972.707    963 159871.415   159935.097   167876.749
174  TIM+F+R2      78359.921    963 158645.842   158709.525   166651.176
175  TIM+F+R3      77932.527    965 157795.054   157859.005   165817.013
176  TIM+F+R4      77852.481    967 157638.963   157703.184   165677.548
177  TIM+F+R5      77849.683    969 157637.366   157701.857   165692.577
183  TIM2e         85081.891    958 172079.781   172142.794   180043.550
184  TIM2e+I       80707.267    959 163332.535   163395.681   171304.617
185  TIM2e+G4      81743.193    959 165404.387   165467.533   173376.469
186  TIM2e+I+G4    79695.891    960 161311.783   161375.063   169292.178
187  TIM2e+R2      79182.113    960 160284.225   160347.505   168264.620
188  TIM2e+R3      78720.365    962 159364.730   159428.279   167361.751
189  TIM2e+R4      78656.877    964 159241.754   159305.571   167255.401
190  TIM2e+R5      78649.502    966 159231.003   159295.090   167261.276
196  TIM2+F        84151.221    961 170224.442   170287.856   178213.150
197  TIM2+F+I      80036.768    962 161997.536   162061.085   169994.557
198  TIM2+F+G4     80933.461    962 163790.922   163854.470   171787.943
199  TIM2+F+I+G4   79030.936    963 159987.873   160051.555   167993.207
200  TIM2+F+R2     78415.077    963 158756.153   158819.836   166761.487
201  TIM2+F+R3     77984.369    965 157898.737   157962.689   165920.697
202  TIM2+F+R4     77906.113    967 157746.226   157810.447   165784.811
203  TIM2+F+R5     77903.314    969 157744.628   157809.120   165799.839
209  TIM3e         85095.533    958 172107.066   172170.079   180070.836
210  TIM3e+I       80606.800    959 163131.599   163194.746   171103.681
211  TIM3e+G4      81707.813    959 165333.626   165396.772   173305.708
212  TIM3e+I+G4    79593.261    960 161106.521   161169.801   169086.916
213  TIM3e+R2      79117.068    960 160154.136   160217.416   168134.531
214  TIM3e+R3      78643.326    962 159210.651   159274.199   167207.672
215  TIM3e+R4      78585.114    964 159098.228   159162.045   167111.874
216  TIM3e+R5      78574.486    966 159080.971   159145.057   167111.244
217  TIM3e+R6      78573.969    968 159083.939   159148.295   167130.837
222  TIM3+F        84209.091    961 170340.182   170403.596   178328.890
223  TIM3+F+I      80021.347    962 161966.694   162030.242   169963.715
224  TIM3+F+G4     80973.402    962 163870.803   163934.351   171867.824
225  TIM3+F+I+G4   79024.714    963 159975.428   160039.111   167980.762
226  TIM3+F+R2     78424.182    963 158774.364   158838.047   166779.698
227  TIM3+F+R3     77988.484    965 157906.969   157970.920   165928.928
228  TIM3+F+R4     77916.425    967 157766.851   157831.072   165805.436
229  TIM3+F+R5     77911.528    969 157761.055   157825.547   165816.267
235  TVMe          85476.912    959 172871.823   172934.969   180843.905
236  TVMe+I        80830.293    960 163580.586   163643.866   171560.981
237  TVMe+G4       82152.608    960 166225.217   166288.497   174205.612
238  TVMe+I+G4     79870.253    961 161662.506   161725.920   169651.214
239  TVMe+R2       79307.784    961 160537.568   160600.982   168526.276
240  TVMe+R3       78819.793    963 159565.585   159629.268   167570.919
241  TVMe+R4       78789.435    965 159508.869   159572.821   167530.829
242  TVMe+R5       78789.373    967 159512.745   159576.966   167551.331
248  TVM+F         84505.817    962 170935.635   170999.183   178932.655
249  TVM+F+I       80147.378    963 162220.756   162284.439   170226.090
250  TVM+F+G4      81283.662    963 164493.325   164557.007   172498.659
251  TVM+F+I+G4    79215.749    964 160359.499   160423.316   168373.146
252  TVM+F+R2      78554.354    964 159036.708   159100.525   167050.355
253  TVM+F+R3      78087.139    966 158106.278   158170.365   166136.551
254  TVM+F+R4      78045.229    968 158026.458   158090.814   166073.356
255  TVM+F+R5      78044.220    970 158028.441   158093.068   166091.965
261  SYM           84985.132    960 171890.263   171953.543   179870.658
262  SYM+I         80521.123    961 162964.246   163027.661   170952.954
263  SYM+G4        81602.175    961 165126.349   165189.763   173115.057
264  SYM+I+G4      79516.690    962 160957.379   161020.928   168954.400
265  SYM+R2        79031.902    962 159987.804   160051.352   167984.824
266  SYM+R3        78557.744    964 159043.489   159107.306   167057.135
267  SYM+R4        78504.659    966 158941.318   159005.404   166971.590
268  SYM+R5        78495.725    968 158927.451   158991.807   166974.349
274  GTR+F         84074.227    963 170074.454   170138.137   178079.788
275  GTR+F+I       79921.250    964 161770.501   161834.318   169784.147
276  GTR+F+G4      80847.696    964 163623.391   163687.208   171637.038
277  GTR+F+I+G4    78933.161    965 159796.322   159860.273   167818.281
278  GTR+F+R2      78321.978    965 158573.955   158637.907   166595.915
279  GTR+F+R3      77884.354    967 157702.709   157766.930   165741.294
280  GTR+F+R4      77815.204    969 157568.408   157632.900   165623.620
281  GTR+F+R5      77811.652    971 157565.303   157630.065   165637.140
Akaike Information Criterion:           GTR+F+R5
Corrected Akaike Information Criterion: GTR+F+R5
Bayesian Information Criterion:         GTR+F+R4
Best-fit model: GTR+F+R4 chosen according to BIC

All model information printed to results/aligned-delim.fasta.model.gz
CPU time for ModelFinder: 5627.028 seconds (1h:33m:47s)
Wall-clock time for ModelFinder: 554.564 seconds (0h:9m:14s)
Generating 1000 samples for ultrafast bootstrap (seed: 37517)...

NOTE: 138 MB RAM (0 GB) is required!
Estimate model parameters (epsilon = 0.100)
1. Initial log-likelihood: -84588.971
2. Current log-likelihood: -80594.163
3. Current log-likelihood: -78679.409
4. Current log-likelihood: -78229.300
5. Current log-likelihood: -78200.549
6. Current log-likelihood: -78177.922
7. Current log-likelihood: -78152.210
8. Current log-likelihood: -78124.791
9. Current log-likelihood: -78096.460
10. Current log-likelihood: -78067.870
11. Current log-likelihood: -78039.589
12. Current log-likelihood: -78012.410
13. Current log-likelihood: -77987.313
14. Current log-likelihood: -77965.091
15. Current log-likelihood: -77947.043
16. Current log-likelihood: -77933.213
17. Current log-likelihood: -77923.495
18. Current log-likelihood: -77916.809
19. Current log-likelihood: -77911.793
20. Current log-likelihood: -77907.906
21. Current log-likelihood: -77904.436
22. Current log-likelihood: -77901.288
23. Current log-likelihood: -77898.268
24. Current log-likelihood: -77895.249
25. Current log-likelihood: -77892.520
26. Current log-likelihood: -77890.087
27. Current log-likelihood: -77887.798
28. Current log-likelihood: -77885.919
29. Current log-likelihood: -77884.363
30. Current log-likelihood: -77882.995
31. Current log-likelihood: -77881.924
32. Current log-likelihood: -77881.083
33. Current log-likelihood: -77880.457
34. Current log-likelihood: -77879.866
35. Current log-likelihood: -77879.466
36. Current log-likelihood: -77879.160
37. Current log-likelihood: -77878.906
38. Current log-likelihood: -77878.719
39. Current log-likelihood: -77878.574
40. Current log-likelihood: -77878.450
Optimal log-likelihood: -77878.352
Rate parameters:  A-C: 0.46361  A-G: 1.62186  A-T: 0.33430  C-G: 0.29686  C-T: 4.40341  G-T: 1.00000
Base frequencies:  A: 0.262  C: 0.202  G: 0.209  T: 0.326
Site proportion and rates:  (0.647,0.181) (0.320,0.673) (0.028,11.024) (0.005,73.550)
Parameters optimization took 40 rounds (42.221 sec)
Computing ML distances based on estimated model parameters... 5.868 sec
Computing BIONJ tree...
0.200 seconds
Log-likelihood of BIONJ tree: -78577.205
--------------------------------------------------------------------
|             INITIALIZING CANDIDATE TREE SET                      |
--------------------------------------------------------------------
Generating 98 parsimony trees... 31.811 second
Computing log-likelihood of 98 initial trees ... 19.776 seconds
Current best score: -77701.347

Do NNI search on 20 best initial trees
Estimate model parameters (epsilon = 0.100)
BETTER TREE FOUND at iteration 1: -77678.485
Estimate model parameters (epsilon = 0.100)
BETTER TREE FOUND at iteration 2: -77671.457
Iteration 10 / LogL: -77708.723 / Time: 0h:2m:14s
Iteration 20 / LogL: -77708.085 / Time: 0h:2m:51s
Finish initializing candidate tree set (20)
Current best tree score: -77671.457 / CPU time: 127.512
Number of iterations: 20
--------------------------------------------------------------------
|               OPTIMIZING CANDIDATE TREE SET                      |
--------------------------------------------------------------------
Estimate model parameters (epsilon = 0.100)
BETTER TREE FOUND at iteration 21: -77668.997
Iteration 30 / LogL: -77681.895 / Time: 0h:3m:17s (0h:10m:21s left)
Estimate model parameters (epsilon = 0.100)
BETTER TREE FOUND at iteration 39: -77655.116
Iteration 40 / LogL: -77690.437 / Time: 0h:3m:42s (0h:9m:25s left)
Iteration 50 / LogL: -77764.145 / Time: 0h:4m:5s (0h:7m:26s left)
Log-likelihood cutoff on original alignment: -77782.641
Estimate model parameters (epsilon = 0.100)
BETTER TREE FOUND at iteration 51: -77608.737
Estimate model parameters (epsilon = 0.100)
BETTER TREE FOUND at iteration 54: -77600.711
Iteration 60 / LogL: -77727.062 / Time: 0h:4m:32s (0h:7m:14s left)
Iteration 70 / LogL: -77604.031 / Time: 0h:4m:56s (0h:6m:0s left)
Estimate model parameters (epsilon = 0.100)
BETTER TREE FOUND at iteration 71: -77600.631
Iteration 80 / LogL: -77673.539 / Time: 0h:5m:21s (0h:6m:10s left)
Estimate model parameters (epsilon = 0.100)
BETTER TREE FOUND at iteration 89: -77595.554
Iteration 90 / LogL: -77615.208 / Time: 0h:5m:45s (0h:6m:23s left)
Estimate model parameters (epsilon = 0.100)
BETTER TREE FOUND at iteration 94: -77591.476
Iteration 100 / LogL: -77652.326 / Time: 0h:6m:10s (0h:5m:52s left)
Log-likelihood cutoff on original alignment: -77767.102
NOTE: Bootstrap correlation coefficient of split occurrence frequencies: 0.950
NOTE: UFBoot does not converge, continue at least 100 more iterations
Estimate model parameters (epsilon = 0.100)
BETTER TREE FOUND at iteration 101: -77586.269
Estimate model parameters (epsilon = 0.100)
BETTER TREE FOUND at iteration 103: -77583.921
Iteration 110 / LogL: -77589.371 / Time: 0h:6m:38s (0h:5m:39s left)
Iteration 120 / LogL: -77606.786 / Time: 0h:7m:1s (0h:4m:53s left)
Estimate model parameters (epsilon = 0.100)
BETTER TREE FOUND at iteration 127: -77583.032
Iteration 130 / LogL: -77619.695 / Time: 0h:7m:25s (0h:5m:35s left)
Iteration 140 / LogL: -77652.157 / Time: 0h:7m:50s (0h:4m:54s left)
Iteration 150 / LogL: -77619.907 / Time: 0h:8m:14s (0h:4m:15s left)
Log-likelihood cutoff on original alignment: -77762.188
Estimate model parameters (epsilon = 0.100)
BETTER TREE FOUND at iteration 160: -77580.221
Iteration 160 / LogL: -77580.221 / Time: 0h:8m:40s (0h:5m:27s left)
Iteration 170 / LogL: -77586.309 / Time: 0h:9m:5s (0h:4m:50s left)
Iteration 180 / LogL: -77660.656 / Time: 0h:9m:29s (0h:4m:14s left)
Iteration 190 / LogL: -77667.316 / Time: 0h:9m:55s (0h:3m:40s left)
Iteration 200 / LogL: -77610.144 / Time: 0h:10m:20s (0h:3m:7s left)
Log-likelihood cutoff on original alignment: -77762.188
NOTE: Bootstrap correlation coefficient of split occurrence frequencies: 0.984
NOTE: UFBoot does not converge, continue at least 100 more iterations
Iteration 210 / LogL: -77589.484 / Time: 0h:10m:47s (0h:4m:38s left)
Iteration 220 / LogL: -77606.536 / Time: 0h:11m:12s (0h:4m:5s left)
Iteration 230 / LogL: -77602.569 / Time: 0h:11m:36s (0h:3m:33s left)
Iteration 240 / LogL: -77581.792 / Time: 0h:12m:1s (0h:3m:1s left)
Iteration 250 / LogL: -77581.300 / Time: 0h:12m:26s (0h:2m:29s left)
Log-likelihood cutoff on original alignment: -77762.188
Estimate model parameters (epsilon = 0.100)
BETTER TREE FOUND at iteration 253: -77579.132
Iteration 260 / LogL: -77622.734 / Time: 0h:12m:53s (0h:4m:37s left)
Iteration 270 / LogL: -77633.118 / Time: 0h:13m:18s (0h:4m:6s left)
Iteration 280 / LogL: -77619.425 / Time: 0h:13m:45s (0h:3m:35s left)
Iteration 290 / LogL: -77613.221 / Time: 0h:14m:9s (0h:3m:5s left)
Iteration 300 / LogL: -77591.156 / Time: 0h:14m:35s (0h:2m:35s left)
Log-likelihood cutoff on original alignment: -77762.188
NOTE: Bootstrap correlation coefficient of split occurrence frequencies: 0.995
Iteration 310 / LogL: -77645.844 / Time: 0h:15m:3s (0h:4m:23s left)
Iteration 320 / LogL: -77612.333 / Time: 0h:15m:29s (0h:3m:53s left)
Iteration 330 / LogL: -77632.490 / Time: 0h:15m:56s (0h:3m:23s left)
Iteration 340 / LogL: -77611.511 / Time: 0h:16m:22s (0h:2m:53s left)
Iteration 350 / LogL: -77614.421 / Time: 0h:16m:46s (0h:2m:24s left)
Log-likelihood cutoff on original alignment: -77762.188
TREE SEARCH COMPLETED AFTER 354 ITERATIONS / Time: 0h:16m:59s

--------------------------------------------------------------------
|                    FINALIZING TREE SEARCH                        |
--------------------------------------------------------------------
Performs final model parameters optimization
Estimate model parameters (epsilon = 0.010)
1. Initial log-likelihood: -77579.133
2. Current log-likelihood: -77579.108
3. Current log-likelihood: -77579.082
4. Current log-likelihood: -77579.055
5. Current log-likelihood: -77579.031
6. Current log-likelihood: -77579.010
7. Current log-likelihood: -77578.989
8. Current log-likelihood: -77578.968
9. Current log-likelihood: -77578.950
10. Current log-likelihood: -77578.930
11. Current log-likelihood: -77578.908
12. Current log-likelihood: -77578.889
13. Current log-likelihood: -77578.871
14. Current log-likelihood: -77578.852
15. Current log-likelihood: -77578.834
16. Current log-likelihood: -77578.815
17. Current log-likelihood: -77578.797
18. Current log-likelihood: -77578.778
19. Current log-likelihood: -77578.759
20. Current log-likelihood: -77578.740
21. Current log-likelihood: -77578.722
22. Current log-likelihood: -77578.703
23. Current log-likelihood: -77578.684
24. Current log-likelihood: -77578.663
25. Current log-likelihood: -77578.641
26. Current log-likelihood: -77578.620
27. Current log-likelihood: -77578.599
28. Current log-likelihood: -77578.580
29. Current log-likelihood: -77578.560
30. Current log-likelihood: -77578.539
31. Current log-likelihood: -77578.513
32. Current log-likelihood: -77578.487
33. Current log-likelihood: -77578.463
34. Current log-likelihood: -77578.440
35. Current log-likelihood: -77578.416
36. Current log-likelihood: -77578.393
37. Current log-likelihood: -77578.371
38. Current log-likelihood: -77578.349
39. Current log-likelihood: -77578.326
40. Current log-likelihood: -77578.303
41. Current log-likelihood: -77578.280
42. Current log-likelihood: -77578.256
43. Current log-likelihood: -77578.232
44. Current log-likelihood: -77578.207
45. Current log-likelihood: -77578.182
46. Current log-likelihood: -77578.157
47. Current log-likelihood: -77578.131
48. Current log-likelihood: -77578.104
49. Current log-likelihood: -77578.077
50. Current log-likelihood: -77578.050
51. Current log-likelihood: -77578.023
52. Current log-likelihood: -77577.994
53. Current log-likelihood: -77577.966
54. Current log-likelihood: -77577.936
55. Current log-likelihood: -77577.905
56. Current log-likelihood: -77577.876
57. Current log-likelihood: -77577.844
58. Current log-likelihood: -77577.812
59. Current log-likelihood: -77577.779
60. Current log-likelihood: -77577.746
61. Current log-likelihood: -77577.712
62. Current log-likelihood: -77577.677
63. Current log-likelihood: -77577.642
64. Current log-likelihood: -77577.605
65. Current log-likelihood: -77577.569
66. Current log-likelihood: -77577.531
67. Current log-likelihood: -77577.492
68. Current log-likelihood: -77577.452
69. Current log-likelihood: -77577.413
70. Current log-likelihood: -77577.373
71. Current log-likelihood: -77577.332
72. Current log-likelihood: -77577.290
73. Current log-likelihood: -77577.248
74. Current log-likelihood: -77577.205
75. Current log-likelihood: -77577.161
76. Current log-likelihood: -77577.114
77. Current log-likelihood: -77577.068
78. Current log-likelihood: -77577.019
79. Current log-likelihood: -77576.969
80. Current log-likelihood: -77576.919
81. Current log-likelihood: -77576.868
82. Current log-likelihood: -77576.816
83. Current log-likelihood: -77576.762
84. Current log-likelihood: -77576.707
85. Current log-likelihood: -77576.649
86. Current log-likelihood: -77576.590
87. Current log-likelihood: -77576.530
88. Current log-likelihood: -77576.466
89. Current log-likelihood: -77576.401
90. Current log-likelihood: -77576.333
91. Current log-likelihood: -77576.265
92. Current log-likelihood: -77576.193
93. Current log-likelihood: -77576.120
94. Current log-likelihood: -77576.045
95. Current log-likelihood: -77575.967
96. Current log-likelihood: -77575.884
97. Current log-likelihood: -77575.798
98. Current log-likelihood: -77575.709
99. Current log-likelihood: -77575.616
Optimal log-likelihood: -77575.616
Rate parameters:  A-C: 0.45311  A-G: 1.65930  A-T: 0.32324  C-G: 0.28905  C-T: 4.44021  G-T: 1.00000
Base frequencies:  A: 0.262  C: 0.202  G: 0.209  T: 0.326
Site proportion and rates:  (0.752,0.188) (0.219,0.987) (0.024,11.620) (0.005,75.414)
Parameters optimization took 99 rounds (62.673 sec)
BEST SCORE FOUND : -77575.616
Creating bootstrap support values...
Split supports printed to NEXUS file results/aligned-delim.fasta.splits.nex
Total tree length: 0.149

Total number of iterations: 354
CPU time used for tree search: 10445.590 sec (2h:54m:5s)
Wall-clock time used for tree search: 975.126 sec (0h:16m:15s)
Total CPU time used: 11511.960 sec (3h:11m:51s)
Total wall-clock time used: 1083.974 sec (0h:18m:3s)

Computing bootstrap consensus tree...
Reading input file results/aligned-delim.fasta.splits.nex...
479 taxa and 5195 splits.
Consensus tree written to results/aligned-delim.fasta.contree
Reading input trees file results/aligned-delim.fasta.contree
Log-likelihood of consensus tree: -77578.828

Analysis results written to: 
  IQ-TREE report:                results/aligned-delim.fasta.iqtree
  Maximum-likelihood tree:       results/aligned-delim.fasta.treefile
  Likelihood distances:          results/aligned-delim.fasta.mldist

Ultrafast bootstrap approximation results written to:
  Split support values:          results/aligned-delim.fasta.splits.nex
  Consensus tree:                results/aligned-delim.fasta.contree
  Screen log file:               results/aligned-delim.fasta.log

Date and Time: Mon Jun 22 10:28:49 2020
